[0;33m[VAI_C][Warning] layer [activation_20_Softmax] (type: Softmax) is not supported in DPU, deploy it in CPU instead.
[m
Kernel topology "miniGoogleNet_kernel_graph.jpg" for network "miniGoogleNet"
kernel list info for network "miniGoogleNet"
                               Kernel ID : Name
                                       0 : miniGoogleNet_0
                                       1 : miniGoogleNet_1

                             Kernel Name : miniGoogleNet_0
--------------------------------------------------------------------------------
                             Kernel Type : DPUKernel
                               Code Size : 0.04MB
                              Param Size : 1.57MB
                           Workload MACs : 469.20MOPS
                         IO Memory Space : 0.24MB
                              Mean Value : 0, 0, 0, 
                      Total Tensor Count : 38
                Boundary Input Tensor(s)   (H*W*C)
                     conv2d_1_input:0(0) : 32*32*3

               Boundary Output Tensor(s)   (H*W*C)
                     dense_1_MatMul:0(0) : 1*1*10

                        Total Node Count : 33
                           Input Node(s)   (H*W*C)
                 conv2d_1_convolution(0) : 32*32*3

                          Output Node(s)   (H*W*C)
                       dense_1_MatMul(0) : 1*1*10




                             Kernel Name : miniGoogleNet_1
--------------------------------------------------------------------------------
                             Kernel Type : CPUKernel
                Boundary Input Tensor(s)   (H*W*C)
              activation_20_Softmax:0(0) : 1*1*10

               Boundary Output Tensor(s)   (H*W*C)
              activation_20_Softmax:0(0) : 1*1*10

                           Input Node(s)   (H*W*C)
                   activation_20_Softmax : 1*1*10

                          Output Node(s)   (H*W*C)
                   activation_20_Softmax : 1*1*10




**************************************************
* VITIS_AI Compilation - Xilinx Inc.
**************************************************
/opt/vitis_ai/compiler/arch/dpuv2/ZCU102/ZCU102.json
