[0;33m[VAI_C][Warning] layer [activation_4_Softmax] (type: Softmax) is not supported in DPU, deploy it in CPU instead.
[m
Kernel topology "LeNet_kernel_graph.jpg" for network "LeNet"
kernel list info for network "LeNet"
                               Kernel ID : Name
                                       0 : LeNet_0
                                       1 : LeNet_1

                             Kernel Name : LeNet_0
--------------------------------------------------------------------------------
                             Kernel Type : DPUKernel
                               Code Size : 0.01MB
                              Param Size : 6.11MB
                           Workload MACs : 20.49MOPS
                         IO Memory Space : 0.02MB
                              Mean Value : 0, 0, 0, 
                      Total Tensor Count : 4
                Boundary Input Tensor(s)   (H*W*C)
                     conv2d_1_input:0(0) : 32*32*3

               Boundary Output Tensor(s)   (H*W*C)
                     dense_2_MatMul:0(0) : 1*1*10

                        Total Node Count : 3
                           Input Node(s)   (H*W*C)
                 conv2d_2_convolution(0) : 32*32*3

                          Output Node(s)   (H*W*C)
                       dense_2_MatMul(0) : 1*1*10




                             Kernel Name : LeNet_1
--------------------------------------------------------------------------------
                             Kernel Type : CPUKernel
                Boundary Input Tensor(s)   (H*W*C)
               activation_4_Softmax:0(0) : 1*1*10

               Boundary Output Tensor(s)   (H*W*C)
               activation_4_Softmax:0(0) : 1*1*10

                           Input Node(s)   (H*W*C)
                    activation_4_Softmax : 1*1*10

                          Output Node(s)   (H*W*C)
                    activation_4_Softmax : 1*1*10




**************************************************
* VITIS_AI Compilation - Xilinx Inc.
**************************************************
/opt/vitis_ai/compiler/arch/dpuv2/ZCU102/ZCU102.json
