# Copyright © 2023 Advanced Micro Devices, Inc. All rights reserved.

./rpt/predictions_vcor_resnet18.log  has  10900  lines
LINE:   1d3adfb778_gold.png

PREDICTED:  12 tan
EXPECTED :  4 gold
top[0] prob = 0.506202  name = tan
top[1] prob = 0.307027  name = brown
top[2] prob = 0.145029  name = beige
top[3] prob = 0.041552  name = gold
top[4] prob = 0.000080  name = grey


LINE:   9243c62302_gold.png

PREDICTED:  3 brown
EXPECTED :  4 gold
top[0] prob = 0.498187  name = brown
top[1] prob = 0.387989  name = gold
top[2] prob = 0.024803  name = yellow
top[3] prob = 0.024803  name = tan
top[4] prob = 0.024803  name = purple


LINE:   be3bc2fb5e_blue.png

PREDICTED:  11 silver
EXPECTED :  2 blue
top[0] prob = 0.851739  name = silver
top[1] prob = 0.089773  name = white
top[2] prob = 0.054450  name = blue
top[3] prob = 0.000997  name = purple
top[4] prob = 0.000997  name = beige


LINE:   070f5f5d8e_orange.png

PREDICTED:  3 brown
EXPECTED :  7 orange
top[0] prob = 0.996664  name = brown
top[1] prob = 0.003172  name = orange
top[2] prob = 0.000096  name = beige
top[3] prob = 0.000045  name = red
top[4] prob = 0.000021  name = gold


LINE:   ae1a47c683_tan.png

PREDICTED:  6 grey
EXPECTED :  12 tan
top[0] prob = 0.467003  name = grey
top[1] prob = 0.467003  name = brown
top[2] prob = 0.063202  name = tan
top[3] prob = 0.001486  name = black
top[4] prob = 0.000547  name = purple


LINE:   0978881df0_silver.png

PREDICTED:  6 grey
EXPECTED :  11 silver
top[0] prob = 0.877703  name = grey
top[1] prob = 0.092509  name = silver
top[2] prob = 0.020642  name = white
top[3] prob = 0.003587  name = blue
top[4] prob = 0.002794  name = black


LINE:   1c80e5b519_silver.png

PREDICTED:  6 grey
EXPECTED :  11 silver
top[0] prob = 0.848192  name = grey
top[1] prob = 0.147394  name = silver
top[2] prob = 0.001637  name = tan
top[3] prob = 0.001275  name = blue
top[4] prob = 0.000365  name = white


LINE:   2aed16d3c4_blue.png

PREDICTED:  6 grey
EXPECTED :  2 blue
top[0] prob = 0.557969  name = grey
top[1] prob = 0.338425  name = blue
top[2] prob = 0.096960  name = black
top[3] prob = 0.002928  name = silver
top[4] prob = 0.002928  name = brown


LINE:   651d36a875_tan.png

PREDICTED:  0 beige
EXPECTED :  12 tan
top[0] prob = 0.522915  name = beige
top[1] prob = 0.407247  name = tan
top[2] prob = 0.042924  name = brown
top[3] prob = 0.020276  name = gold
top[4] prob = 0.002744  name = orange


LINE:   b18d8d0351_white.png

PREDICTED:  11 silver
EXPECTED :  13 white
top[0] prob = 0.923936  name = silver
top[1] prob = 0.075841  name = white
top[2] prob = 0.000069  name = blue
top[3] prob = 0.000042  name = tan
top[4] prob = 0.000042  name = grey


LINE:   8caf3eb8b5_grey.png

PREDICTED:  11 silver
EXPECTED :  6 grey
top[0] prob = 0.673908  name = silver
top[1] prob = 0.150369  name = grey
top[2] prob = 0.091204  name = tan
top[3] prob = 0.071029  name = white
top[4] prob = 0.003536  name = orange


LINE:   3db7452bb3_silver.png

PREDICTED:  12 tan
EXPECTED :  11 silver
top[0] prob = 0.820671  name = tan
top[1] prob = 0.086498  name = grey
top[2] prob = 0.067365  name = silver
top[3] prob = 0.015031  name = black
top[4] prob = 0.009117  name = white


LINE:   3451392eb0_beige.png

PREDICTED:  12 tan
EXPECTED :  0 beige
top[0] prob = 0.997845  name = tan
top[1] prob = 0.001926  name = beige
top[2] prob = 0.000203  name = silver
top[3] prob = 0.000021  name = white
top[4] prob = 0.000001  name = gold


LINE:   0e491569c8_beige.png

PREDICTED:  12 tan
EXPECTED :  0 beige
top[0] prob = 0.985415  name = tan
top[1] prob = 0.014056  name = brown
top[2] prob = 0.000201  name = beige
top[3] prob = 0.000122  name = grey
top[4] prob = 0.000074  name = gold


LINE:   766398f59b_tan.png

PREDICTED:  4 gold
EXPECTED :  12 tan
top[0] prob = 0.890882  name = gold
top[1] prob = 0.056952  name = beige
top[2] prob = 0.012708  name = blue
top[3] prob = 0.009897  name = brown
top[4] prob = 0.007708  name = yellow


LINE:   18aec47405_orange.png

PREDICTED:  10 red
EXPECTED :  7 orange
top[0] prob = 0.990651  name = red
top[1] prob = 0.005198  name = pink
top[2] prob = 0.004049  name = orange
top[3] prob = 0.000058  name = brown
top[4] prob = 0.000013  name = purple


LINE:   4768bb71d4_gold.png

PREDICTED:  12 tan
EXPECTED :  4 gold
top[0] prob = 0.334049  name = tan
top[1] prob = 0.334049  name = pink
top[2] prob = 0.202611  name = brown
top[3] prob = 0.058049  name = orange
top[4] prob = 0.035208  name = gold


LINE:   83b7791084_white.png

PREDICTED:  11 silver
EXPECTED :  13 white
top[0] prob = 0.903605  name = silver
top[1] prob = 0.095239  name = white
top[2] prob = 0.001058  name = blue
top[3] prob = 0.000053  name = yellow
top[4] prob = 0.000019  name = grey


LINE:   88d999cbcc_silver.png

PREDICTED:  13 white
EXPECTED :  11 silver
top[0] prob = 0.919338  name = white
top[1] prob = 0.075464  name = silver
top[2] prob = 0.003757  name = tan
top[3] prob = 0.000308  name = blue
top[4] prob = 0.000308  name = beige


LINE:   2e7515d2b8_brown.png

PREDICTED:  12 tan
EXPECTED :  3 brown
top[0] prob = 0.795753  name = tan
top[1] prob = 0.083872  name = brown
top[2] prob = 0.083872  name = beige
top[3] prob = 0.030855  name = gold
top[4] prob = 0.005362  name = orange


LINE:   d4c6973cb7_silver.png

PREDICTED:  6 grey
EXPECTED :  11 silver
top[0] prob = 0.987809  name = grey
top[1] prob = 0.010974  name = silver
top[2] prob = 0.000546  name = blue
top[3] prob = 0.000546  name = black
top[4] prob = 0.000074  name = brown


LINE:   64c0d615a6_beige.png

PREDICTED:  12 tan
EXPECTED :  0 beige
top[0] prob = 0.859076  name = tan
top[1] prob = 0.090546  name = white
top[2] prob = 0.033310  name = beige
top[3] prob = 0.012254  name = silver
top[4] prob = 0.001658  name = grey


LINE:   0661852523_gold.png

PREDICTED:  12 tan
EXPECTED :  4 gold
top[0] prob = 0.993262  name = tan
top[1] prob = 0.005212  name = beige
top[2] prob = 0.001163  name = gold
top[3] prob = 0.000259  name = brown
top[4] prob = 0.000027  name = pink


LINE:   dd0694b844_silver.png

PREDICTED:  13 white
EXPECTED :  11 silver
top[0] prob = 0.506527  name = white
top[1] prob = 0.307224  name = tan
top[2] prob = 0.145123  name = silver
top[3] prob = 0.015296  name = green
top[4] prob = 0.015296  name = beige


LINE:   148b514638_beige.png

PREDICTED:  12 tan
EXPECTED :  0 beige
top[0] prob = 0.976183  name = tan
top[1] prob = 0.022958  name = beige
top[2] prob = 0.000199  name = white
top[3] prob = 0.000199  name = silver
top[4] prob = 0.000199  name = gold


LINE:   50e84cc10c_tan.png

PREDICTED:  0 beige
EXPECTED :  12 tan
top[0] prob = 0.942198  name = beige
top[1] prob = 0.022158  name = brown
top[2] prob = 0.017257  name = tan
top[3] prob = 0.017257  name = gold
top[4] prob = 0.000521  name = grey


LINE:   5bfe16c2eb_beige.png

PREDICTED:  12 tan
EXPECTED :  0 beige
top[0] prob = 0.976837  name = tan
top[1] prob = 0.022973  name = beige
top[2] prob = 0.000057  name = silver
top[3] prob = 0.000044  name = brown
top[4] prob = 0.000035  name = white


LINE:   431dd13304_beige.png

PREDICTED:  12 tan
EXPECTED :  0 beige
top[0] prob = 0.951691  name = tan
top[1] prob = 0.022382  name = brown
top[2] prob = 0.017431  name = beige
top[3] prob = 0.006412  name = silver
top[4] prob = 0.000676  name = grey


LINE:   f07a0dcd84_white.png

PREDICTED:  11 silver
EXPECTED :  13 white
top[0] prob = 0.965406  name = silver
top[1] prob = 0.017682  name = beige
top[2] prob = 0.008352  name = grey
top[3] prob = 0.003073  name = white
top[4] prob = 0.001864  name = blue


LINE:   29f250e3f5_beige.png

PREDICTED:  12 tan
EXPECTED :  0 beige
top[0] prob = 0.727602  name = tan
top[1] prob = 0.267670  name = beige
top[2] prob = 0.003818  name = silver
top[3] prob = 0.000313  name = brown
top[4] prob = 0.000190  name = white


LINE:   832a7225cd_brown.png

PREDICTED:  12 tan
EXPECTED :  3 brown
top[0] prob = 0.978935  name = tan
top[1] prob = 0.017930  name = brown
top[2] prob = 0.001890  name = gold
top[3] prob = 0.000422  name = orange
top[4] prob = 0.000422  name = beige


LINE:   bb09c84231_green.png

PREDICTED:  7 orange
EXPECTED :  5 green
top[0] prob = 0.991881  name = orange
top[1] prob = 0.004054  name = brown
top[2] prob = 0.002459  name = black
top[3] prob = 0.001491  name = red
top[4] prob = 0.000074  name = gold


LINE:   e426288d30_beige.png

PREDICTED:  12 tan
EXPECTED :  0 beige
top[0] prob = 0.994936  name = tan
top[1] prob = 0.003167  name = beige
top[2] prob = 0.001496  name = brown
top[3] prob = 0.000202  name = pink
top[4] prob = 0.000158  name = gold


LINE:   57258b3ca5_tan.png

PREDICTED:  0 beige
EXPECTED :  12 tan
top[0] prob = 0.997891  name = beige
top[1] prob = 0.001168  name = brown
top[2] prob = 0.000910  name = tan
top[3] prob = 0.000013  name = red
top[4] prob = 0.000005  name = black


LINE:   f79127dd4d_silver.png

PREDICTED:  13 white
EXPECTED :  11 silver
top[0] prob = 0.738255  name = white
top[1] prob = 0.164727  name = silver
top[2] prob = 0.077812  name = blue
top[3] prob = 0.010531  name = grey
top[4] prob = 0.001830  name = black


LINE:   fa87dbe11c_beige.png

PREDICTED:  12 tan
EXPECTED :  0 beige
top[0] prob = 0.878636  name = tan
top[1] prob = 0.118910  name = beige
top[2] prob = 0.002178  name = silver
top[3] prob = 0.000179  name = grey
top[4] prob = 0.000031  name = white


LINE:   c485046662_white.png

PREDICTED:  12 tan
EXPECTED :  13 white
top[0] prob = 0.798913  name = tan
top[1] prob = 0.178262  name = white
top[2] prob = 0.014633  name = silver
top[3] prob = 0.001980  name = pink
top[4] prob = 0.001980  name = orange


LINE:   19dd803ab7_gold.png

PREDICTED:  8 pink
EXPECTED :  4 gold
top[0] prob = 0.978925  name = pink
top[1] prob = 0.008469  name = tan
top[2] prob = 0.008469  name = gold
top[3] prob = 0.003116  name = orange
top[4] prob = 0.000328  name = beige


LINE:   1750ce8147_blue.png

PREDICTED:  9 purple
EXPECTED :  2 blue
top[0] prob = 0.979006  name = purple
top[1] prob = 0.013965  name = blue
top[2] prob = 0.001890  name = brown
top[3] prob = 0.001472  name = orange
top[4] prob = 0.001472  name = gold


LINE:   977915c70d_beige.png

PREDICTED:  12 tan
EXPECTED :  0 beige
top[0] prob = 0.996773  name = tan
top[1] prob = 0.002471  name = beige
top[2] prob = 0.000708  name = brown
top[3] prob = 0.000035  name = gold
top[4] prob = 0.000005  name = silver


LINE:   13ed55efa9_orange.png

PREDICTED:  10 red
EXPECTED :  7 orange
top[0] prob = 0.949245  name = red
top[1] prob = 0.047260  name = orange
top[2] prob = 0.003021  name = pink
top[3] prob = 0.000193  name = brown
top[4] prob = 0.000055  name = purple


LINE:   e698545a5d_silver.png

PREDICTED:  6 grey
EXPECTED :  11 silver
top[0] prob = 0.880792  name = grey
top[1] prob = 0.119202  name = silver
top[2] prob = 0.000003  name = tan
top[3] prob = 0.000001  name = blue
top[4] prob = 0.000001  name = black


LINE:   13125fb03d_grey.png

PREDICTED:  1 black
EXPECTED :  6 grey
top[0] prob = 0.975060  name = black
top[1] prob = 0.017859  name = grey
top[2] prob = 0.005117  name = tan
top[3] prob = 0.001466  name = brown
top[4] prob = 0.000420  name = green


LINE:   a59806f6a0_silver.png

PREDICTED:  13 white
EXPECTED :  11 silver
top[0] prob = 0.743350  name = white
top[1] prob = 0.100602  name = black
top[2] prob = 0.078349  name = silver
top[3] prob = 0.017482  name = tan
top[4] prob = 0.017482  name = red


LINE:   c8f5442d41_beige.png

PREDICTED:  12 tan
EXPECTED :  0 beige
top[0] prob = 0.459686  name = tan
top[1] prob = 0.459686  name = beige
top[2] prob = 0.079881  name = brown
top[3] prob = 0.000538  name = gold
top[4] prob = 0.000073  name = red


LINE:   de23400551_gold.png

PREDICTED:  0 beige
EXPECTED :  4 gold
top[0] prob = 0.832563  name = beige
top[1] prob = 0.068341  name = tan
top[2] prob = 0.041451  name = gold
top[3] prob = 0.041451  name = brown
top[4] prob = 0.011876  name = orange


LINE:   e0d43f8e3f_beige.png

PREDICTED:  12 tan
EXPECTED :  0 beige
top[0] prob = 0.989665  name = tan
top[1] prob = 0.008562  name = beige
top[2] prob = 0.000547  name = black
top[3] prob = 0.000426  name = gold
top[4] prob = 0.000332  name = grey


LINE:   aba2bb0aac_brown.png

PREDICTED:  12 tan
EXPECTED :  3 brown
top[0] prob = 0.544974  name = tan
top[1] prob = 0.424426  name = brown
top[2] prob = 0.012817  name = beige
top[3] prob = 0.009982  name = gold
top[4] prob = 0.002227  name = red


LINE:   0d90eeb5ef_silver.png

PREDICTED:  6 grey
EXPECTED :  11 silver
top[0] prob = 0.939511  name = grey
top[1] prob = 0.060061  name = silver
top[2] prob = 0.000405  name = tan
top[3] prob = 0.000016  name = black
top[4] prob = 0.000003  name = blue


LINE:   5b342a6de5_brown.png

PREDICTED:  6 grey
EXPECTED :  3 brown
top[0] prob = 0.846131  name = grey
top[1] prob = 0.147036  name = silver
top[2] prob = 0.005701  name = blue
top[3] prob = 0.000468  name = tan
top[4] prob = 0.000364  name = black


LINE:   42f3cd436d_pink.png

PREDICTED:  10 red
EXPECTED :  8 pink
top[0] prob = 0.952562  name = red
top[1] prob = 0.047425  name = pink
top[2] prob = 0.000005  name = purple
top[3] prob = 0.000003  name = orange
top[4] prob = 0.000001  name = yellow


LINE:   ceaf41b2ce_pink.png

PREDICTED:  10 red
EXPECTED :  8 pink
top[0] prob = 0.950948  name = red
top[1] prob = 0.047345  name = pink
top[2] prob = 0.001430  name = orange
top[3] prob = 0.000091  name = purple
top[4] prob = 0.000043  name = green


LINE:   3eb077024b_white.png

PREDICTED:  11 silver
EXPECTED :  13 white
top[0] prob = 0.893053  name = silver
top[1] prob = 0.094127  name = white
top[2] prob = 0.004686  name = grey
top[3] prob = 0.004686  name = blue
top[4] prob = 0.000814  name = tan


LINE:   dce5200403_gold.png

PREDICTED:  3 brown
EXPECTED :  4 gold
top[0] prob = 0.999507  name = brown
top[1] prob = 0.000261  name = beige
top[2] prob = 0.000075  name = tan
top[3] prob = 0.000075  name = grey
top[4] prob = 0.000058  name = gold


LINE:   d1539a4c07_black.png

PREDICTED:  6 grey
EXPECTED :  1 black
top[0] prob = 0.981585  name = grey
top[1] prob = 0.017978  name = black
top[2] prob = 0.000423  name = brown
top[3] prob = 0.000005  name = tan
top[4] prob = 0.000004  name = silver


LINE:   c66e785e0e_beige.png

PREDICTED:  12 tan
EXPECTED :  0 beige
top[0] prob = 0.922477  name = tan
top[1] prob = 0.075721  name = beige
top[2] prob = 0.001387  name = brown
top[3] prob = 0.000309  name = gold
top[4] prob = 0.000033  name = silver


LINE:   db308b910d_gold.png

PREDICTED:  0 beige
EXPECTED :  4 gold
top[0] prob = 0.890701  name = beige
top[1] prob = 0.093879  name = brown
top[2] prob = 0.009895  name = gold
top[3] prob = 0.004674  name = tan
top[4] prob = 0.000299  name = green


LINE:   83c31bc7ae_silver.png

PREDICTED:  13 white
EXPECTED :  11 silver
top[0] prob = 0.910668  name = white
top[1] prob = 0.074752  name = silver
top[2] prob = 0.002898  name = orange
top[3] prob = 0.002257  name = tan
top[4] prob = 0.001758  name = blue


LINE:   e3efb8d81c_beige.png

PREDICTED:  14 yellow
EXPECTED :  0 beige
top[0] prob = 0.265106  name = yellow
top[1] prob = 0.265106  name = beige
top[2] prob = 0.206465  name = orange
top[3] prob = 0.160795  name = tan
top[4] prob = 0.035878  name = brown


LINE:   77bb096381_red.png

PREDICTED:  8 pink
EXPECTED :  10 red
top[0] prob = 0.995823  name = pink
top[1] prob = 0.004070  name = red
top[2] prob = 0.000075  name = orange
top[3] prob = 0.000008  name = purple
top[4] prob = 0.000006  name = tan


LINE:   5f485d0c7e_silver.png

PREDICTED:  13 white
EXPECTED :  11 silver
top[0] prob = 0.554381  name = white
top[1] prob = 0.431752  name = silver
top[2] prob = 0.004796  name = tan
top[3] prob = 0.003735  name = blue
top[4] prob = 0.002266  name = grey


LINE:   265e0c330a_silver.png

PREDICTED:  6 grey
EXPECTED :  11 silver
top[0] prob = 0.505595  name = grey
top[1] prob = 0.393758  name = silver
top[2] prob = 0.087859  name = brown
top[3] prob = 0.005617  name = red
top[4] prob = 0.003407  name = tan


LINE:   cd0cc0cdb4_brown.png

PREDICTED:  13 white
EXPECTED :  3 brown
top[0] prob = 0.661218  name = white
top[1] prob = 0.312337  name = beige
top[2] prob = 0.012111  name = tan
top[3] prob = 0.005721  name = silver
top[4] prob = 0.002702  name = brown


LINE:   597cf20dd7_gold.png

PREDICTED:  12 tan
EXPECTED :  4 gold
top[0] prob = 0.550679  name = tan
top[1] prob = 0.428869  name = grey
top[2] prob = 0.016629  name = black
top[3] prob = 0.002250  name = beige
top[4] prob = 0.000828  name = silver


LINE:   ffc0a93a0b_beige.png

PREDICTED:  3 brown
EXPECTED :  0 beige
top[0] prob = 0.717744  name = brown
top[1] prob = 0.264043  name = tan
top[2] prob = 0.016880  name = beige
top[3] prob = 0.000840  name = grey
top[4] prob = 0.000241  name = red


LINE:   f6affc4438_beige.png

PREDICTED:  12 tan
EXPECTED :  0 beige
top[0] prob = 0.947798  name = tan
top[1] prob = 0.036750  name = beige
top[2] prob = 0.013520  name = white
top[3] prob = 0.001110  name = silver
top[4] prob = 0.000318  name = brown


LINE:   bdf0ce1887_white.png

PREDICTED:  11 silver
EXPECTED :  13 white
top[0] prob = 0.730798  name = silver
top[1] prob = 0.268845  name = white
top[2] prob = 0.000315  name = tan
top[3] prob = 0.000012  name = blue
top[4] prob = 0.000010  name = grey


LINE:   2b4a787b7d - Copy_brown.png

PREDICTED:  4 gold
EXPECTED :  3 brown
top[0] prob = 0.562030  name = gold
top[1] prob = 0.437709  name = brown
top[2] prob = 0.000114  name = tan
top[3] prob = 0.000069  name = orange
top[4] prob = 0.000033  name = purple


LINE:   d32845bf60_tan.png

PREDICTED:  0 beige
EXPECTED :  12 tan
top[0] prob = 0.776767  name = beige
top[1] prob = 0.222548  name = tan
top[2] prob = 0.000430  name = brown
top[3] prob = 0.000203  name = silver
top[4] prob = 0.000017  name = gold


LINE:   9087a1d408_beige.png

PREDICTED:  6 grey
EXPECTED :  0 beige
top[0] prob = 0.570842  name = grey
top[1] prob = 0.346233  name = black
top[2] prob = 0.060166  name = yellow
top[3] prob = 0.006341  name = orange
top[4] prob = 0.006341  name = beige


LINE:   deed1fc7b4_brown.png

PREDICTED:  0 beige
EXPECTED :  3 brown
top[0] prob = 0.986865  name = beige
top[1] prob = 0.006649  name = gold
top[2] prob = 0.005179  name = tan
top[3] prob = 0.000701  name = brown
top[4] prob = 0.000258  name = pink


LINE:   1affd6960b_grey.png

PREDICTED:  0 beige
EXPECTED :  6 grey
top[0] prob = 0.813279  name = beige
top[1] prob = 0.085719  name = brown
top[2] prob = 0.040491  name = grey
top[3] prob = 0.031534  name = black
top[4] prob = 0.014896  name = orange


LINE:   bbc722f29b_beige.png

PREDICTED:  11 silver
EXPECTED :  0 beige
top[0] prob = 0.942470  name = silver
top[1] prob = 0.036544  name = beige
top[2] prob = 0.017262  name = tan
top[3] prob = 0.003000  name = white
top[4] prob = 0.000246  name = yellow


LINE:   8a676765d2_silver.png

PREDICTED:  13 white
EXPECTED :  11 silver
top[0] prob = 0.988295  name = white
top[1] prob = 0.004039  name = tan
top[2] prob = 0.001908  name = silver
top[3] prob = 0.001908  name = blue
top[4] prob = 0.001157  name = orange


LINE:   59624363b8_silver.png

PREDICTED:  13 white
EXPECTED :  11 silver
top[0] prob = 0.949432  name = white
top[1] prob = 0.047269  name = silver
top[2] prob = 0.001833  name = blue
top[3] prob = 0.000674  name = yellow
top[4] prob = 0.000318  name = beige


LINE:   ff6d882de5_beige.png

PREDICTED:  12 tan
EXPECTED :  0 beige
top[0] prob = 0.999648  name = tan
top[1] prob = 0.000123  name = beige
top[2] prob = 0.000096  name = silver
top[3] prob = 0.000045  name = grey
top[4] prob = 0.000017  name = white


LINE:   52e7a9ed8c_black.png

PREDICTED:  6 grey
EXPECTED :  1 black
top[0] prob = 0.987534  name = grey
top[1] prob = 0.006654  name = silver
top[2] prob = 0.005182  name = black
top[3] prob = 0.000331  name = blue
top[4] prob = 0.000095  name = tan


LINE:   16179df96b_silver.png

PREDICTED:  12 tan
EXPECTED :  11 silver
top[0] prob = 0.998834  name = tan
top[1] prob = 0.000552  name = beige
top[2] prob = 0.000261  name = grey
top[3] prob = 0.000096  name = silver
top[4] prob = 0.000096  name = brown


LINE:   0babeb88a2_brown.png

PREDICTED:  4 gold
EXPECTED :  3 brown
top[0] prob = 0.674743  name = gold
top[1] prob = 0.318726  name = brown
top[2] prob = 0.005838  name = grey
top[3] prob = 0.000479  name = purple
top[4] prob = 0.000176  name = tan


LINE:   7f158babb7_beige.png

PREDICTED:  3 brown
EXPECTED :  0 beige
top[0] prob = 0.865667  name = brown
top[1] prob = 0.117155  name = beige
top[2] prob = 0.015855  name = tan
top[3] prob = 0.000615  name = grey
top[4] prob = 0.000226  name = gold


LINE:   faa4f72eca_beige.png

PREDICTED:  6 grey
EXPECTED :  0 beige
top[0] prob = 0.419223  name = grey
top[1] prob = 0.326491  name = black
top[2] prob = 0.154223  name = tan
top[3] prob = 0.056736  name = beige
top[4] prob = 0.034412  name = silver


LINE:   d07bc0c183_silver.png

PREDICTED:  6 grey
EXPECTED :  11 silver
top[0] prob = 0.976352  name = grey
top[1] prob = 0.013927  name = silver
top[2] prob = 0.003108  name = tan
top[3] prob = 0.003108  name = black
top[4] prob = 0.001468  name = blue


LINE:   776841630b_red.png

PREDICTED:  7 orange
EXPECTED :  10 red
top[0] prob = 0.561858  name = orange
top[1] prob = 0.437575  name = red
top[2] prob = 0.000399  name = brown
top[3] prob = 0.000042  name = yellow
top[4] prob = 0.000020  name = blue


LINE:   83a2c404ed_silver.png

PREDICTED:  6 grey
EXPECTED :  11 silver
top[0] prob = 0.622199  name = grey
top[1] prob = 0.377383  name = silver
top[2] prob = 0.000209  name = black
top[3] prob = 0.000127  name = tan
top[4] prob = 0.000060  name = blue


LINE:   8025ce4a0a_beige.png

PREDICTED:  12 tan
EXPECTED :  0 beige
top[0] prob = 0.998825  name = tan
top[1] prob = 0.001170  name = beige
top[2] prob = 0.000003  name = brown
top[3] prob = 0.000001  name = gold
top[4] prob = 0.000001  name = silver


LINE:   2b6126321c_beige.png

PREDICTED:  12 tan
EXPECTED :  0 beige
top[0] prob = 0.970674  name = tan
top[1] prob = 0.029312  name = beige
top[2] prob = 0.000008  name = brown
top[3] prob = 0.000002  name = white
top[4] prob = 0.000001  name = silver


LINE:   eb61accf78_tan.png

PREDICTED:  0 beige
EXPECTED :  12 tan
top[0] prob = 0.958355  name = beige
top[1] prob = 0.037159  name = silver
top[2] prob = 0.003050  name = white
top[3] prob = 0.000530  name = blue
top[4] prob = 0.000413  name = tan


LINE:   90c866ba95_yellow.png

PREDICTED:  4 gold
EXPECTED :  14 yellow
top[0] prob = 0.997454  name = gold
top[1] prob = 0.002472  name = yellow
top[2] prob = 0.000035  name = purple
top[3] prob = 0.000021  name = green
top[4] prob = 0.000004  name = brown


LINE:   31721f80c1_silver.png

PREDICTED:  13 white
EXPECTED :  11 silver
top[0] prob = 0.994339  name = white
top[1] prob = 0.002465  name = tan
top[2] prob = 0.002465  name = silver
top[3] prob = 0.000202  name = yellow
top[4] prob = 0.000202  name = beige


LINE:   4e1a1b3ece_pink.png

PREDICTED:  10 red
EXPECTED :  8 pink
top[0] prob = 0.726856  name = red
top[1] prob = 0.267396  name = pink
top[2] prob = 0.004898  name = orange
top[3] prob = 0.000190  name = tan
top[4] prob = 0.000148  name = purple


LINE:   db84bbc431_yellow.png

PREDICTED:  5 green
EXPECTED :  14 yellow
top[0] prob = 0.858011  name = green
top[1] prob = 0.116119  name = yellow
top[2] prob = 0.012239  name = gold
top[3] prob = 0.009532  name = purple
top[4] prob = 0.001656  name = blue


LINE:   7a79f72782_orange.png

PREDICTED:  8 pink
EXPECTED :  7 orange
top[0] prob = 0.722353  name = pink
top[1] prob = 0.265739  name = red
top[2] prob = 0.006250  name = orange
top[3] prob = 0.002299  name = tan
top[4] prob = 0.001086  name = purple


LINE:   0b8988e43e_orange.png

PREDICTED:  10 red
EXPECTED :  7 orange
top[0] prob = 0.622011  name = red
top[1] prob = 0.377268  name = orange
top[2] prob = 0.000268  name = yellow
top[3] prob = 0.000077  name = brown
top[4] prob = 0.000060  name = pink


LINE:   cd4072cac6_tan.png

PREDICTED:  0 beige
EXPECTED :  12 tan
top[0] prob = 0.878280  name = beige
top[1] prob = 0.118862  name = tan
top[2] prob = 0.002795  name = brown
top[3] prob = 0.000019  name = black
top[4] prob = 0.000009  name = orange


LINE:   69629b6466_beige.png

PREDICTED:  12 tan
EXPECTED :  0 beige
top[0] prob = 0.817556  name = tan
top[1] prob = 0.182421  name = beige
top[2] prob = 0.000011  name = white
top[3] prob = 0.000005  name = yellow
top[4] prob = 0.000004  name = silver


LINE:   4ee954c24f_brown.png

PREDICTED:  7 orange
EXPECTED :  3 brown
top[0] prob = 0.390561  name = orange
top[1] prob = 0.390561  name = gold
top[2] prob = 0.087146  name = brown
top[3] prob = 0.067869  name = beige
top[4] prob = 0.019445  name = yellow


LINE:   a0b12fdab4_tan.png

PREDICTED:  0 beige
EXPECTED :  12 tan
top[0] prob = 0.902571  name = beige
top[1] prob = 0.095130  name = tan
top[2] prob = 0.002237  name = gold
top[3] prob = 0.000025  name = brown
top[4] prob = 0.000012  name = pink


LINE:   10fa2af7b6_red.png

PREDICTED:  8 pink
EXPECTED :  10 red
top[0] prob = 0.729500  name = pink
top[1] prob = 0.268368  name = red
top[2] prob = 0.001808  name = orange
top[3] prob = 0.000090  name = tan
top[4] prob = 0.000070  name = purple


LINE:   629690eb4c_gold.png

PREDICTED:  0 beige
EXPECTED :  4 gold
top[0] prob = 0.889962  name = beige
top[1] prob = 0.073053  name = tan
top[2] prob = 0.034508  name = brown
top[3] prob = 0.002206  name = gold
top[4] prob = 0.000110  name = orange


LINE:   296a616214_grey.png

PREDICTED:  1 black
EXPECTED :  6 grey
top[0] prob = 0.943918  name = black
top[1] prob = 0.046995  name = brown
top[2] prob = 0.004953  name = blue
top[3] prob = 0.003004  name = grey
top[4] prob = 0.000670  name = tan


LINE:   dcd5027148_brown.png

PREDICTED:  5 green
EXPECTED :  3 brown
top[0] prob = 0.961437  name = green
top[1] prob = 0.037279  name = brown
top[2] prob = 0.000414  name = purple
top[3] prob = 0.000323  name = red
top[4] prob = 0.000251  name = tan


LINE:   8ecdf20b24_beige.png

PREDICTED:  12 tan
EXPECTED :  0 beige
top[0] prob = 0.834787  name = tan
top[1] prob = 0.145064  name = beige
top[2] prob = 0.019632  name = brown
top[3] prob = 0.000280  name = gold
top[4] prob = 0.000170  name = grey


LINE:   da16b75aa9_beige.png

PREDICTED:  12 tan
EXPECTED :  0 beige
top[0] prob = 0.996262  name = tan
top[1] prob = 0.002469  name = beige
top[2] prob = 0.000708  name = brown
top[3] prob = 0.000551  name = gold
top[4] prob = 0.000005  name = grey


LINE:   17795b1eac_gold.png

PREDICTED:  12 tan
EXPECTED :  4 gold
top[0] prob = 0.990682  name = tan
top[1] prob = 0.006675  name = brown
top[2] prob = 0.001912  name = gold
top[3] prob = 0.000704  name = beige
top[4] prob = 0.000010  name = pink


LINE:   2e18679b94_beige.png

PREDICTED:  12 tan
EXPECTED :  0 beige
top[0] prob = 0.617637  name = tan
top[1] prob = 0.374616  name = beige
top[2] prob = 0.002524  name = silver
top[3] prob = 0.001531  name = grey
top[4] prob = 0.001531  name = brown


LINE:   63f2268dcf_beige.png

PREDICTED:  12 tan
EXPECTED :  0 beige
top[0] prob = 0.987491  name = tan
top[1] prob = 0.006654  name = brown
top[2] prob = 0.005182  name = beige
top[3] prob = 0.000258  name = purple
top[4] prob = 0.000258  name = grey


LINE:   0eea5e55d7_tan.png

PREDICTED:  0 beige
EXPECTED :  12 tan
top[0] prob = 0.962579  name = beige
top[1] prob = 0.037323  name = tan
top[2] prob = 0.000056  name = brown
top[3] prob = 0.000027  name = gold
top[4] prob = 0.000006  name = white


LINE:   69d048011f_beige.png

PREDICTED:  12 tan
EXPECTED :  0 beige
top[0] prob = 0.463910  name = tan
top[1] prob = 0.463910  name = beige
top[2] prob = 0.048896  name = brown
top[3] prob = 0.014009  name = black
top[4] prob = 0.003126  name = yellow


LINE:   498c133eee_pink.png

PREDICTED:  10 red
EXPECTED :  8 pink
top[0] prob = 0.777020  name = red
top[1] prob = 0.222620  name = pink
top[2] prob = 0.000158  name = orange
top[3] prob = 0.000058  name = yellow
top[4] prob = 0.000045  name = white


LINE:   117cbfef0a_pink.png

PREDICTED:  10 red
EXPECTED :  8 pink
top[0] prob = 0.848358  name = red
top[1] prob = 0.147422  name = pink
top[2] prob = 0.003467  name = orange
top[3] prob = 0.000222  name = purple
top[4] prob = 0.000105  name = yellow


LINE:   da5a78d35c_beige.png

PREDICTED:  12 tan
EXPECTED :  0 beige
top[0] prob = 0.970730  name = tan
top[1] prob = 0.022829  name = beige
top[2] prob = 0.003090  name = grey
top[3] prob = 0.002406  name = brown
top[4] prob = 0.000326  name = silver


LINE:   11d19a6327_blue.png

PREDICTED:  9 purple
EXPECTED :  2 blue
top[0] prob = 0.998868  name = purple
top[1] prob = 0.000709  name = blue
top[2] prob = 0.000158  name = green
top[3] prob = 0.000075  name = black
top[4] prob = 0.000045  name = pink


LINE:   44cbc7c131_beige.png

PREDICTED:  12 tan
EXPECTED :  0 beige
top[0] prob = 0.931069  name = tan
top[1] prob = 0.059521  name = beige
top[2] prob = 0.006273  name = gold
top[3] prob = 0.002308  name = yellow
top[4] prob = 0.000243  name = white


LINE:   4d07bfa0ba_beige.png

PREDICTED:  12 tan
EXPECTED :  0 beige
top[0] prob = 0.999342  name = tan
top[1] prob = 0.000553  name = beige
top[2] prob = 0.000045  name = silver
top[3] prob = 0.000013  name = white
top[4] prob = 0.000013  name = grey


LINE:   769ad2b272_silver.png

PREDICTED:  12 tan
EXPECTED :  11 silver
top[0] prob = 0.692966  name = tan
top[1] prob = 0.198538  name = white
top[2] prob = 0.093783  name = silver
top[3] prob = 0.002832  name = yellow
top[4] prob = 0.002832  name = grey


LINE:   25b69b6cbb_beige.png

PREDICTED:  12 tan
EXPECTED :  0 beige
top[0] prob = 0.836395  name = tan
top[1] prob = 0.145344  name = brown
top[2] prob = 0.015319  name = beige
top[3] prob = 0.002073  name = grey
top[4] prob = 0.000463  name = black


LINE:   667cc021ac_beige.png

PREDICTED:  12 tan
EXPECTED :  0 beige
top[0] prob = 0.944375  name = tan
top[1] prob = 0.036617  name = beige
top[2] prob = 0.013471  name = silver
top[3] prob = 0.003859  name = white
top[4] prob = 0.000317  name = pink


LINE:   b270b946b3_yellow.png

PREDICTED:  12 tan
EXPECTED :  14 yellow
top[0] prob = 0.267123  name = tan
top[1] prob = 0.267123  name = beige
top[2] prob = 0.098269  name = purple
top[3] prob = 0.098269  name = grey
top[4] prob = 0.076532  name = orange


LINE:   048cc7b090_grey.png

PREDICTED:  11 silver
EXPECTED :  6 grey
top[0] prob = 0.990289  name = silver
top[1] prob = 0.005197  name = grey
top[2] prob = 0.003152  name = beige
top[3] prob = 0.000903  name = white
top[4] prob = 0.000201  name = pink


LINE:   7363b14861_beige.png

PREDICTED:  12 tan
EXPECTED :  0 beige
top[0] prob = 0.998055  name = tan
top[1] prob = 0.001927  name = beige
top[2] prob = 0.000004  name = white
top[3] prob = 0.000003  name = green
top[4] prob = 0.000002  name = yellow


LINE:   55281ab0d1_beige.png

PREDICTED:  12 tan
EXPECTED :  0 beige
top[0] prob = 0.985012  name = tan
top[1] prob = 0.014050  name = beige
top[2] prob = 0.000898  name = brown
top[3] prob = 0.000010  name = gold
top[4] prob = 0.000008  name = red


LINE:   aa317c3aac_gold.png

PREDICTED:  3 brown
EXPECTED :  4 gold
top[0] prob = 0.474657  name = brown
top[1] prob = 0.474657  name = beige
top[2] prob = 0.018404  name = gold
top[3] prob = 0.014333  name = blue
top[4] prob = 0.004107  name = tan


LINE:   2b9895d5c4_tan.png

PREDICTED:  0 beige
EXPECTED :  12 tan
top[0] prob = 0.767215  name = beige
top[1] prob = 0.219811  name = tan
top[2] prob = 0.010944  name = silver
top[3] prob = 0.000700  name = white
top[4] prob = 0.000545  name = pink


LINE:   c66b73543e_grey.png

PREDICTED:  11 silver
EXPECTED :  6 grey
top[0] prob = 0.621967  name = silver
top[1] prob = 0.377242  name = grey
top[2] prob = 0.000728  name = blue
top[3] prob = 0.000028  name = black
top[4] prob = 0.000017  name = white


LINE:   c0fc83a598_grey.png

PREDICTED:  9 purple
EXPECTED :  6 grey
top[0] prob = 0.828117  name = purple
top[1] prob = 0.112073  name = brown
top[2] prob = 0.019475  name = grey
top[3] prob = 0.019475  name = black
top[4] prob = 0.015167  name = tan


LINE:   f064efac51_tan.png

PREDICTED:  0 beige
EXPECTED :  12 tan
top[0] prob = 0.977075  name = beige
top[1] prob = 0.010854  name = brown
top[2] prob = 0.006583  name = tan
top[3] prob = 0.003110  name = blue
top[4] prob = 0.000891  name = gold


LINE:   56dcab0c02_beige.png

PREDICTED:  12 tan
EXPECTED :  0 beige
top[0] prob = 0.999933  name = tan
top[1] prob = 0.000058  name = beige
top[2] prob = 0.000003  name = gold
top[3] prob = 0.000003  name = brown
top[4] prob = 0.000001  name = grey


LINE:   72d3810627_silver.png

PREDICTED:  6 grey
EXPECTED :  11 silver
top[0] prob = 0.959634  name = grey
top[1] prob = 0.037209  name = silver
top[2] prob = 0.001124  name = tan
top[3] prob = 0.000875  name = blue
top[4] prob = 0.000682  name = black


LINE:   c57ba32023_tan.png

PREDICTED:  0 beige
EXPECTED :  12 tan
top[0] prob = 0.999938  name = beige
top[1] prob = 0.000045  name = tan
top[2] prob = 0.000006  name = green
top[3] prob = 0.000006  name = brown
top[4] prob = 0.000001  name = white


LINE:   bdacc50724_brown.png

PREDICTED:  6 grey
EXPECTED :  3 brown
top[0] prob = 0.725766  name = grey
top[1] prob = 0.266995  name = brown
top[2] prob = 0.004890  name = tan
top[3] prob = 0.001401  name = black
top[4] prob = 0.000662  name = purple


LINE:   763c8ac69f_grey.png

PREDICTED:  11 silver
EXPECTED :  6 grey
top[0] prob = 0.556381  name = silver
top[1] prob = 0.433310  name = grey
top[2] prob = 0.010190  name = blue
top[3] prob = 0.000032  name = green
top[4] prob = 0.000032  name = black


LINE:   02e37c0e56_beige.png

PREDICTED:  12 tan
EXPECTED :  0 beige
top[0] prob = 0.953489  name = tan
top[1] prob = 0.022424  name = beige
top[2] prob = 0.008249  name = brown
top[3] prob = 0.006425  name = grey
top[4] prob = 0.003897  name = red


LINE:   ff4046ffc2_white.png

PREDICTED:  11 silver
EXPECTED :  13 white
top[0] prob = 0.913210  name = silver
top[1] prob = 0.074961  name = white
top[2] prob = 0.006153  name = beige
top[3] prob = 0.002907  name = blue
top[4] prob = 0.001069  name = grey


LINE:   971b8f76e4_brown.png

PREDICTED:  7 orange
EXPECTED :  3 brown
top[0] prob = 0.904520  name = orange
top[1] prob = 0.095336  name = brown
top[2] prob = 0.000068  name = black
top[3] prob = 0.000041  name = red
top[4] prob = 0.000015  name = gold


LINE:   429b8a9ea7_beige.png

PREDICTED:  12 tan
EXPECTED :  0 beige
top[0] prob = 0.987009  name = tan
top[1] prob = 0.008539  name = beige
top[2] prob = 0.001905  name = grey
top[3] prob = 0.001484  name = silver
top[4] prob = 0.000701  name = pink


LINE:   3a9ddc07b9_orange.png

PREDICTED:  10 red
EXPECTED :  7 orange
top[0] prob = 0.995916  name = red
top[1] prob = 0.004070  name = orange
top[2] prob = 0.000008  name = yellow
top[3] prob = 0.000001  name = brown
top[4] prob = 0.000001  name = beige


LINE:   459c84291d_beige.png

PREDICTED:  3 brown
EXPECTED :  0 beige
top[0] prob = 0.538100  name = brown
top[1] prob = 0.419072  name = tan
top[2] prob = 0.020864  name = beige
top[3] prob = 0.016249  name = gold
top[4] prob = 0.004655  name = grey


LINE:   d0d75fb82b_orange.png

PREDICTED:  10 red
EXPECTED :  7 orange
top[0] prob = 0.985766  name = red
top[1] prob = 0.014061  name = orange
top[2] prob = 0.000057  name = yellow
top[3] prob = 0.000021  name = tan
top[4] prob = 0.000021  name = brown


LINE:   378a5f4fd6_brown.png

PREDICTED:  12 tan
EXPECTED :  3 brown
top[0] prob = 0.444857  name = tan
top[1] prob = 0.210136  name = gold
top[2] prob = 0.127454  name = beige
top[3] prob = 0.099261  name = purple
top[4] prob = 0.077305  name = brown


LINE:   b7fc26a61c_gold.png

PREDICTED:  12 tan
EXPECTED :  4 gold
top[0] prob = 0.959064  name = tan
top[1] prob = 0.037187  name = beige
top[2] prob = 0.002377  name = gold
top[3] prob = 0.000413  name = brown
top[4] prob = 0.000322  name = purple


LINE:   8c3afc42d1_brown.png

PREDICTED:  1 black
EXPECTED :  3 brown
top[0] prob = 0.521331  name = black
top[1] prob = 0.406013  name = brown
top[2] prob = 0.054948  name = grey
top[3] prob = 0.007436  name = purple
top[4] prob = 0.004510  name = tan


LINE:   c5099e3507_beige.png

PREDICTED:  12 tan
EXPECTED :  0 beige
top[0] prob = 0.998433  name = tan
top[1] prob = 0.001501  name = beige
top[2] prob = 0.000045  name = silver
top[3] prob = 0.000008  name = grey
top[4] prob = 0.000005  name = brown


LINE:   993187907d_silver.png

PREDICTED:  12 tan
EXPECTED :  11 silver
top[0] prob = 0.594827  name = tan
top[1] prob = 0.360781  name = silver
top[2] prob = 0.023064  name = white
top[3] prob = 0.013989  name = beige
top[4] prob = 0.004008  name = grey


LINE:   641657a9ec_tan.png

PREDICTED:  0 beige
EXPECTED :  12 tan
top[0] prob = 0.999720  name = beige
top[1] prob = 0.000158  name = brown
top[2] prob = 0.000075  name = silver
top[3] prob = 0.000017  name = white
top[4] prob = 0.000017  name = grey


LINE:   59cff7717f_black.png

PREDICTED:  6 grey
EXPECTED :  1 black
top[0] prob = 0.657956  name = grey
top[1] prob = 0.310796  name = black
top[2] prob = 0.009385  name = blue
top[3] prob = 0.007309  name = tan
top[4] prob = 0.007309  name = purple


LINE:   ee10e88e58_pink.png

PREDICTED:  10 red
EXPECTED :  8 pink
top[0] prob = 0.935048  name = red
top[1] prob = 0.059776  name = pink
top[2] prob = 0.004907  name = orange
top[3] prob = 0.000148  name = tan
top[4] prob = 0.000026  name = yellow


LINE:   2b869ea3ef_black.png

PREDICTED:  0 beige
EXPECTED :  1 black
top[0] prob = 0.904459  name = beige
top[1] prob = 0.057820  name = white
top[2] prob = 0.012901  name = tan
top[3] prob = 0.006094  name = pink
top[4] prob = 0.004746  name = yellow


LINE:   ad00b70f50_grey.png

PREDICTED:  1 black
EXPECTED :  6 grey
top[0] prob = 0.962184  name = black
top[1] prob = 0.029055  name = grey
top[2] prob = 0.003932  name = tan
top[3] prob = 0.001857  name = blue
top[4] prob = 0.000877  name = purple


LINE:   ea952123e7_yellow.png

PREDICTED:  7 orange
EXPECTED :  14 yellow
top[0] prob = 0.954596  name = orange
top[1] prob = 0.017484  name = yellow
top[2] prob = 0.013617  name = gold
top[3] prob = 0.010605  name = beige
top[4] prob = 0.001435  name = brown


LINE:   9558699385_grey.png

PREDICTED:  11 silver
EXPECTED :  6 grey
top[0] prob = 0.968352  name = silver
top[1] prob = 0.029242  name = grey
top[2] prob = 0.001134  name = blue
top[3] prob = 0.000536  name = black
top[4] prob = 0.000325  name = tan


LINE:   d1f8a0bbb9_grey.png

PREDICTED:  11 silver
EXPECTED :  6 grey
top[0] prob = 0.560298  name = silver
top[1] prob = 0.436361  name = grey
top[2] prob = 0.002940  name = beige
top[3] prob = 0.000188  name = blue
top[4] prob = 0.000114  name = black


LINE:   73f3364609_orange.png

PREDICTED:  10 red
EXPECTED :  7 orange
top[0] prob = 0.725448  name = red
top[1] prob = 0.266878  name = orange
top[2] prob = 0.002309  name = pink
top[3] prob = 0.002309  name = brown
top[4] prob = 0.001091  name = grey


LINE:   18f0689d61_brown.png

PREDICTED:  6 grey
EXPECTED :  3 brown
top[0] prob = 0.997852  name = grey
top[1] prob = 0.001926  name = black
top[2] prob = 0.000203  name = brown
top[3] prob = 0.000008  name = silver
top[4] prob = 0.000003  name = green


LINE:   efe9aa87c5_orange.png

PREDICTED:  10 red
EXPECTED :  7 orange
top[0] prob = 0.999983  name = red
top[1] prob = 0.000004  name = orange
top[2] prob = 0.000003  name = pink
top[3] prob = 0.000003  name = beige
top[4] prob = 0.000001  name = yellow


LINE:   fcaf4fa4ef_orange.png

PREDICTED:  14 yellow
EXPECTED :  7 orange
top[0] prob = 0.878131  name = yellow
top[1] prob = 0.118842  name = orange
top[2] prob = 0.001695  name = red
top[3] prob = 0.000295  name = green
top[4] prob = 0.000229  name = beige


LINE:   f40f0798b9_beige.png

PREDICTED:  12 tan
EXPECTED :  0 beige
top[0] prob = 0.973947  name = tan
top[1] prob = 0.017838  name = brown
top[2] prob = 0.006562  name = beige
top[3] prob = 0.000692  name = gold
top[4] prob = 0.000327  name = orange


LINE:   2b2011acc3_yellow.png

PREDICTED:  12 tan
EXPECTED :  14 yellow
top[0] prob = 0.698246  name = tan
top[1] prob = 0.155800  name = yellow
top[2] prob = 0.057316  name = gold
top[3] prob = 0.044637  name = beige
top[4] prob = 0.021085  name = green


LINE:   91f750771c_tan.png

PREDICTED:  0 beige
EXPECTED :  12 tan
top[0] prob = 0.996924  name = beige
top[1] prob = 0.002471  name = brown
top[2] prob = 0.000551  name = tan
top[3] prob = 0.000027  name = silver
top[4] prob = 0.000010  name = gold


LINE:   7ff7eb6b50 - Copy_brown.png

PREDICTED:  12 tan
EXPECTED :  3 brown
top[0] prob = 0.896690  name = tan
top[1] prob = 0.094510  name = white
top[2] prob = 0.004705  name = beige
top[3] prob = 0.001731  name = yellow
top[4] prob = 0.000386  name = orange


LINE:   2ad7b0bc71_blue.png

PREDICTED:  0 beige
EXPECTED :  2 blue
top[0] prob = 0.863595  name = beige
top[1] prob = 0.070888  name = white
top[2] prob = 0.026078  name = silver
top[3] prob = 0.020310  name = blue
top[4] prob = 0.007472  name = tan


LINE:   7ab5560b8b - Copy_green.png

PREDICTED:  2 blue
EXPECTED :  5 green
top[0] prob = 0.998068  name = blue
top[1] prob = 0.000709  name = red
top[2] prob = 0.000335  name = orange
top[3] prob = 0.000203  name = black
top[4] prob = 0.000158  name = silver


LINE:   1e012dab95_silver.png

PREDICTED:  6 grey
EXPECTED :  11 silver
top[0] prob = 0.953608  name = grey
top[1] prob = 0.028796  name = silver
top[2] prob = 0.017466  name = black
top[3] prob = 0.000071  name = blue
top[4] prob = 0.000016  name = beige


LINE:   fae5c80e2d_orange.png

PREDICTED:  10 red
EXPECTED :  7 orange
top[0] prob = 0.776257  name = red
top[1] prob = 0.222401  name = orange
top[2] prob = 0.000334  name = yellow
top[3] prob = 0.000334  name = brown
top[4] prob = 0.000123  name = grey


LINE:   6e4c2fb6d5_red.png

PREDICTED:  8 pink
EXPECTED :  10 red
top[0] prob = 0.724000  name = pink
top[1] prob = 0.266345  name = red
top[2] prob = 0.008043  name = orange
top[3] prob = 0.000514  name = purple
top[4] prob = 0.000312  name = tan


LINE:   05aeb6ddec_beige.png

PREDICTED:  12 tan
EXPECTED :  0 beige
top[0] prob = 0.836509  name = tan
top[1] prob = 0.088167  name = brown
top[2] prob = 0.068665  name = beige
top[3] prob = 0.005636  name = grey
top[4] prob = 0.000463  name = silver


LINE:   b4608976b4_tan.png

PREDICTED:  0 beige
EXPECTED :  12 tan
top[0] prob = 0.912358  name = beige
top[1] prob = 0.045424  name = blue
top[2] prob = 0.013014  name = purple
top[3] prob = 0.007893  name = tan
top[4] prob = 0.007893  name = gold


LINE:   c9189e73a8_beige.png

PREDICTED:  12 tan
EXPECTED :  0 beige
top[0] prob = 0.999760  name = tan
top[1] prob = 0.000203  name = beige
top[2] prob = 0.000013  name = gold
top[3] prob = 0.000006  name = grey
top[4] prob = 0.000005  name = brown


LINE:   70a31da35b_gold.png

PREDICTED:  14 yellow
EXPECTED :  4 gold
top[0] prob = 0.614429  name = yellow
top[1] prob = 0.372670  name = gold
top[2] prob = 0.008764  name = orange
top[3] prob = 0.001186  name = white
top[4] prob = 0.000924  name = purple


LINE:   66775cb065_beige.png

PREDICTED:  12 tan
EXPECTED :  0 beige
top[0] prob = 0.829658  name = tan
top[1] prob = 0.144173  name = beige
top[2] prob = 0.025053  name = gold
top[3] prob = 0.000589  name = brown
top[4] prob = 0.000169  name = pink


LINE:   84cfcd8572_tan.png

PREDICTED:  3 brown
EXPECTED :  12 tan
top[0] prob = 0.740525  name = brown
top[1] prob = 0.128684  name = tan
top[2] prob = 0.128684  name = beige
top[3] prob = 0.001113  name = orange
top[4] prob = 0.000410  name = gold


LINE:   a57ea3e646_red.png

PREDICTED:  7 orange
EXPECTED :  10 red
top[0] prob = 0.851852  name = orange
top[1] prob = 0.148030  name = red
top[2] prob = 0.000082  name = yellow
top[3] prob = 0.000007  name = brown
top[4] prob = 0.000005  name = gold


LINE:   e0ad903155_brown.png

PREDICTED:  12 tan
EXPECTED :  3 brown
top[0] prob = 0.994169  name = tan
top[1] prob = 0.003164  name = brown
top[2] prob = 0.001919  name = grey
top[3] prob = 0.000706  name = beige
top[4] prob = 0.000010  name = silver


LINE:   62427f3e62_beige.png

PREDICTED:  14 yellow
EXPECTED :  0 beige
top[0] prob = 0.717825  name = yellow
top[1] prob = 0.264073  name = gold
top[2] prob = 0.010239  name = beige
top[3] prob = 0.004837  name = purple
top[4] prob = 0.001386  name = tan


LINE:   3ee70cad50_tan.png

PREDICTED:  0 beige
EXPECTED :  12 tan
top[0] prob = 0.671205  name = beige
top[1] prob = 0.246922  name = brown
top[2] prob = 0.070744  name = tan
top[3] prob = 0.004523  name = gold
top[4] prob = 0.002743  name = silver


LINE:   a5c8a37beb_beige.png

PREDICTED:  12 tan
EXPECTED :  0 beige
top[0] prob = 0.900072  name = tan
top[1] prob = 0.094867  name = brown
top[2] prob = 0.003678  name = gold
top[3] prob = 0.000639  name = grey
top[4] prob = 0.000302  name = beige


LINE:   370bc49a87_grey.png

PREDICTED:  11 silver
EXPECTED :  6 grey
top[0] prob = 0.972958  name = silver
top[1] prob = 0.022882  name = grey
top[2] prob = 0.002412  name = tan
top[3] prob = 0.000887  name = white
top[4] prob = 0.000538  name = beige


LINE:   940bcac6c0_silver.png

PREDICTED:  6 grey
EXPECTED :  11 silver
top[0] prob = 0.668010  name = grey
top[1] prob = 0.191388  name = tan
top[2] prob = 0.090405  name = brown
top[3] prob = 0.033258  name = silver
top[4] prob = 0.009529  name = beige


LINE:   1ec627ab4b_pink.png

PREDICTED:  10 red
EXPECTED :  8 pink
top[0] prob = 0.837950  name = red
top[1] prob = 0.145614  name = pink
top[2] prob = 0.015348  name = purple
top[3] prob = 0.000361  name = blue
top[4] prob = 0.000170  name = orange


LINE:   7d4d49b2f9_beige.png

PREDICTED:  12 tan
EXPECTED :  0 beige
top[0] prob = 0.976366  name = tan
top[1] prob = 0.010846  name = beige
top[2] prob = 0.006579  name = red
top[3] prob = 0.003990  name = brown
top[4] prob = 0.001468  name = black


LINE:   96a6c09c80_green.png

PREDICTED:  1 black
EXPECTED :  5 green
top[0] prob = 0.649850  name = black
top[1] prob = 0.306968  name = grey
top[2] prob = 0.019624  name = tan
top[3] prob = 0.009270  name = brown
top[4] prob = 0.004379  name = green


LINE:   5e94512cc8_tan.png

PREDICTED:  0 beige
EXPECTED :  12 tan
top[0] prob = 0.999828  name = beige
top[1] prob = 0.000123  name = tan
top[2] prob = 0.000045  name = silver
top[3] prob = 0.000002  name = white
top[4] prob = 0.000000  name = yellow


LINE:   7980c3fc25_brown.png

PREDICTED:  1 black
EXPECTED :  3 brown
top[0] prob = 0.970587  name = black
top[1] prob = 0.029309  name = grey
top[2] prob = 0.000073  name = brown
top[3] prob = 0.000021  name = tan
top[4] prob = 0.000006  name = blue


LINE:   e5b8b1e4a4_silver.png

PREDICTED:  6 grey
EXPECTED :  11 silver
top[0] prob = 0.951222  name = grey
top[1] prob = 0.047359  name = silver
top[2] prob = 0.000867  name = blue
top[3] prob = 0.000151  name = tan
top[4] prob = 0.000151  name = green


LINE:   0c098b9636_red.png

PREDICTED:  1 black
EXPECTED :  10 red
top[0] prob = 0.802906  name = black
top[1] prob = 0.179153  name = grey
top[2] prob = 0.011453  name = beige
top[3] prob = 0.001990  name = yellow
top[4] prob = 0.001990  name = tan


LINE:   74c41b0031_gold.png

PREDICTED:  9 purple
EXPECTED :  4 gold
top[0] prob = 0.532267  name = purple
top[1] prob = 0.414530  name = gold
top[2] prob = 0.043691  name = pink
top[3] prob = 0.002175  name = orange
top[4] prob = 0.001694  name = grey


LINE:   8cf70e42c0_orange.png

PREDICTED:  3 brown
EXPECTED :  7 orange
top[0] prob = 0.999652  name = brown
top[1] prob = 0.000203  name = orange
top[2] prob = 0.000123  name = beige
top[3] prob = 0.000008  name = red
top[4] prob = 0.000008  name = gold


LINE:   d916dda9b6_silver.png

PREDICTED:  6 grey
EXPECTED :  11 silver
top[0] prob = 0.993299  name = grey
top[1] prob = 0.006693  name = silver
top[2] prob = 0.000003  name = green
top[3] prob = 0.000002  name = tan
top[4] prob = 0.000001  name = blue


LINE:   5bc8c75b0f_beige.png

PREDICTED:  12 tan
EXPECTED :  0 beige
top[0] prob = 0.730984  name = tan
top[1] prob = 0.268914  name = beige
top[2] prob = 0.000090  name = silver
top[3] prob = 0.000006  name = brown
top[4] prob = 0.000002  name = white


LINE:   408174870e_beige.png

PREDICTED:  12 tan
EXPECTED :  0 beige
top[0] prob = 0.996435  name = tan
top[1] prob = 0.003171  name = beige
top[2] prob = 0.000260  name = silver
top[3] prob = 0.000045  name = brown
top[4] prob = 0.000035  name = grey


LINE:   603c973438_white.png

PREDICTED:  11 silver
EXPECTED :  13 white
top[0] prob = 0.775996  name = silver
top[1] prob = 0.222327  name = white
top[2] prob = 0.001167  name = tan
top[3] prob = 0.000260  name = grey
top[4] prob = 0.000075  name = yellow


LINE:   0a84ca794f - Copy_brown.png

PREDICTED:  1 black
EXPECTED :  3 brown
top[0] prob = 0.765946  name = black
top[1] prob = 0.219447  name = brown
top[2] prob = 0.014029  name = grey
top[3] prob = 0.000200  name = orange
top[4] prob = 0.000156  name = tan


LINE:   33fe711bdb_beige.png

PREDICTED:  13 white
EXPECTED :  0 beige
top[0] prob = 0.443239  name = white
top[1] prob = 0.209371  name = silver
top[2] prob = 0.209371  name = beige
top[3] prob = 0.098900  name = tan
top[4] prob = 0.022068  name = blue


LINE:   e96cd7131b_gold.png

PREDICTED:  7 orange
EXPECTED :  4 gold
top[0] prob = 0.400168  name = orange
top[1] prob = 0.400168  name = gold
top[2] prob = 0.189026  name = brown
top[3] prob = 0.005708  name = yellow
top[4] prob = 0.002100  name = red


LINE:   c205be1150_silver.png

PREDICTED:  12 tan
EXPECTED :  11 silver
top[0] prob = 0.560939  name = tan
top[1] prob = 0.436860  name = grey
top[2] prob = 0.000843  name = beige
top[3] prob = 0.000512  name = silver
top[4] prob = 0.000512  name = black


LINE:   68faf1d292_beige.png

PREDICTED:  12 tan
EXPECTED :  0 beige
top[0] prob = 0.851719  name = tan
top[1] prob = 0.148007  name = beige
top[2] prob = 0.000173  name = pink
top[3] prob = 0.000030  name = white
top[4] prob = 0.000030  name = brown


LINE:   935226faab_beige.png

PREDICTED:  12 tan
EXPECTED :  0 beige
top[0] prob = 0.498441  name = tan
top[1] prob = 0.498441  name = beige
top[2] prob = 0.002616  name = gold
top[3] prob = 0.000455  name = brown
top[4] prob = 0.000014  name = green


LINE:   a78ab2cc47_gold.png

PREDICTED:  1 black
EXPECTED :  4 gold
top[0] prob = 0.368175  name = black
top[1] prob = 0.286735  name = grey
top[2] prob = 0.173914  name = tan
top[3] prob = 0.105484  name = beige
top[4] prob = 0.023537  name = yellow


LINE:   44238be68d_tan.png

PREDICTED:  3 brown
EXPECTED :  12 tan
top[0] prob = 0.975387  name = brown
top[1] prob = 0.022939  name = beige
top[2] prob = 0.000693  name = tan
top[3] prob = 0.000327  name = orange
top[4] prob = 0.000327  name = gold


LINE:   c77e0cef3c_gold.png

PREDICTED:  12 tan
EXPECTED :  4 gold
top[0] prob = 0.610177  name = tan
top[1] prob = 0.288227  name = gold
top[2] prob = 0.082579  name = brown
top[3] prob = 0.011176  name = beige
top[4] prob = 0.005279  name = orange


LINE:   0c3bb456ee_beige.png

PREDICTED:  13 white
EXPECTED :  0 beige
top[0] prob = 0.393663  name = white
top[1] prob = 0.393663  name = tan
top[2] prob = 0.185953  name = silver
top[3] prob = 0.015264  name = beige
top[4] prob = 0.003406  name = pink


LINE:   3ad0367b1b_tan.png

PREDICTED:  0 beige
EXPECTED :  12 tan
top[0] prob = 0.815817  name = beige
top[1] prob = 0.182033  name = tan
top[2] prob = 0.000744  name = brown
top[3] prob = 0.000451  name = gold
top[4] prob = 0.000274  name = green


LINE:   857255fb69_beige.png

PREDICTED:  11 silver
EXPECTED :  0 beige
top[0] prob = 0.960458  name = silver
top[1] prob = 0.037241  name = tan
top[2] prob = 0.001444  name = white
top[3] prob = 0.000682  name = beige
top[4] prob = 0.000092  name = blue


number of total images predicted  1499
number of top1 false predictions  202
number of top1 right predictions  1297
number of top5 false predictions  11
number of top5 right predictions  1488
top1 accuracy = 0.87
top5 accuracy = 0.99
