# Copyright © 2023 Advanced Micro Devices, Inc. All rights reserved.

./get_dpu_fps ./vck190_train_resnet18_vcor.xmodel 1 10000 
XAIEFAL: INFO: Resource group Avail is created.
XAIEFAL: INFO: Resource group Static is created.
XAIEFAL: INFO: Resource group Generic is created.
outSize   15
inSize    150528
outW      1
outH      1
inpW      224
inpH      224
inp scale 64
out scale 0.25
# classes 15
batchSize 6
[average calibration high resolution clock] 0.060895us



 number of dummy images per thread: 9996

 allocated 1504677888 bytes for  input buffer

 allocated 149940 bytes for output buffer


[DPU tot Time ] 2.41339e+06us
[DPU avg Time ] 2.41436e+08us
[DPU avg FPS  ] 4141.89


deleting memory buffer
./get_dpu_fps ./vck190_train_resnet18_vcor.xmodel 2 10000
XAIEFAL: INFO: Resource group Avail is created.
XAIEFAL: INFO: Resource group Static is created.
XAIEFAL: INFO: Resource group Generic is created.
outSize   15
inSize    150528
outW      1
outH      1
inpW      224
inpH      224
inp scale 64
out scale 0.25
# classes 15
batchSize 6
[average calibration high resolution clock] 0.0608us



 number of dummy images per thread: 4998

 allocated 1504677888 bytes for  input buffer

 allocated 149940 bytes for output buffer


[DPU tot Time ] 1.50307e+06us
[DPU avg Time ] 1.50367e+08us
[DPU avg FPS  ] 6650.38


deleting memory buffer
./get_dpu_fps ./vck190_train_resnet18_vcor.xmodel 3 10000
XAIEFAL: INFO: Resource group Avail is created.
XAIEFAL: INFO: Resource group Static is created.
XAIEFAL: INFO: Resource group Generic is created.
outSize   15
inSize    150528
outW      1
outH      1
inpW      224
inpH      224
inp scale 64
out scale 0.25
# classes 15
batchSize 6
[average calibration high resolution clock] 0.059345us



 number of dummy images per thread: 3330

 allocated 1503774720 bytes for  input buffer

 allocated 149850 bytes for output buffer


[DPU tot Time ] 1.50121e+06us
[DPU avg Time ] 1.50272e+08us
[DPU avg FPS  ] 6654.61


deleting memory buffer
